<?xml version="1.0" encoding="UTF-8"?>
<!-- Generated by org.testng.reporters.JUnitXMLReporter -->
<testsuite hostname="BDC6-DX-J0G79F2" ignored="0" name="Default test" tests="4" failures="0" timestamp="23 Apr 2019 09:07:40 GMT" time="14.155" errors="0">
  <testcase name="TestRegistration" time="8.015" classname="testmeapp.tests.OnlineShoppingTest"/>
  <testcase name="TestLogin" time="0.499" classname="testmeapp.tests.OnlineShoppingTest"/>
  <testcase name="TestCart" time="0.935" classname="testmeapp.tests.OnlineShoppingTest"/>
  <testcase name="TestPayment" time="3.65" classname="testmeapp.tests.OnlineShoppingTest"/>
</testsuite> <!-- Default test -->
